<?xml version="1.0" encoding="UTF-8"?>
<testng-results skipped="0" failed="0" ignored="0" total="2" passed="2">
  <reporter-output>
  </reporter-output>
  <suite name="Default suite" duration-ms="23154" started-at="2020-05-06T16:20:24Z" finished-at="2020-05-06T16:20:47Z">
    <groups>
    </groups>
    <test name="Default test" duration-ms="23154" started-at="2020-05-06T16:20:24Z" finished-at="2020-05-06T16:20:47Z">
      <class name="com.UnitTestCases.org.TestCases">
        <test-method status="PASS" signature="launchbrowser()[pri:1, instance:com.UnitTestCases.org.TestCases@12aba8be]" name="launchbrowser" duration-ms="5067" started-at="2020-05-06T16:20:24Z" finished-at="2020-05-06T16:20:29Z">
          <reporter-output>
          </reporter-output>
        </test-method> <!-- launchbrowser -->
        <test-method status="PASS" signature="getapplist()[pri:2, instance:com.UnitTestCases.org.TestCases@12aba8be]" name="getapplist" duration-ms="18054" started-at="2020-05-06T16:20:29Z" finished-at="2020-05-06T16:20:47Z">
          <reporter-output>
          </reporter-output>
        </test-method> <!-- getapplist -->
      </class> <!-- com.UnitTestCases.org.TestCases -->
    </test> <!-- Default test -->
  </suite> <!-- Default suite -->
</testng-results>
